<?xml version="1.0" encoding="UTF-8"?>
<testsuite name="org.scrollSystem.config.ApplicationConfigTest" tests="5" skipped="0" failures="0" errors="0" timestamp="2024-10-10T12:45:47" hostname="Hais-MacBook-Pro.local" time="0.285">
  <properties/>
  <testcase name="testException()" classname="org.scrollSystem.config.ApplicationConfigTest" time="0.277"/>
  <testcase name="testSaltGenerate()" classname="org.scrollSystem.config.ApplicationConfigTest" time="0.001"/>
  <testcase name="testEncodeCorrect()" classname="org.scrollSystem.config.ApplicationConfigTest" time="0.002"/>
  <testcase name="testMatches()" classname="org.scrollSystem.config.ApplicationConfigTest" time="0.001"/>
  <testcase name="testEncode()" classname="org.scrollSystem.config.ApplicationConfigTest" time="0.001"/>
  <system-out><![CDATA[23:45:44.759 [Test worker] INFO org.springframework.test.context.support.AnnotationConfigContextLoaderUtils -- Could not detect default configuration classes for test class [org.scrollSystem.config.ApplicationConfigTest]: ApplicationConfigTest does not declare any static, non-private, non-final, nested classes annotated with @Configuration.
23:45:44.833 [Test worker] INFO org.springframework.boot.test.context.SpringBootTestContextBootstrapper -- Found @SpringBootConfiguration org.scrollSystem.App for test class org.scrollSystem.config.ApplicationConfigTest

  .   ____          _            __ _ _
 /\\ / ___'_ __ _ _(_)_ __  __ _ \ \ \ \
( ( )\___ | '_ | '_| | '_ \/ _` | \ \ \ \
 \\/  ___)| |_)| | | | | || (_| |  ) ) ) )
  '  |____| .__|_| |_|_| |_\__, | / / / /
 =========|_|==============|___/=/_/_/_/

 :: Spring Boot ::                (v3.3.4)

2024-10-10T23:45:45.066+11:00  INFO 18566 --- [scroll-system] [    Test worker] o.s.config.ApplicationConfigTest         : Starting ApplicationConfigTest using Java 17.0.12 with PID 18566 (started by piercele in /Users/piercele/Desktop/year-2/sem1/soft2412/Vinit_Lab15_Group03_A2/backend/app)
2024-10-10T23:45:45.067+11:00  INFO 18566 --- [scroll-system] [    Test worker] o.s.config.ApplicationConfigTest         : No active profile set, falling back to 1 default profile: "default"
2024-10-10T23:45:45.436+11:00  INFO 18566 --- [scroll-system] [    Test worker] .s.d.r.c.RepositoryConfigurationDelegate : Bootstrapping Spring Data JPA repositories in DEFAULT mode.
2024-10-10T23:45:45.471+11:00  INFO 18566 --- [scroll-system] [    Test worker] .s.d.r.c.RepositoryConfigurationDelegate : Finished Spring Data repository scanning in 30 ms. Found 2 JPA repository interfaces.
2024-10-10T23:45:45.740+11:00  INFO 18566 --- [scroll-system] [    Test worker] o.hibernate.jpa.internal.util.LogHelper  : HHH000204: Processing PersistenceUnitInfo [name: default]
2024-10-10T23:45:45.775+11:00  INFO 18566 --- [scroll-system] [    Test worker] org.hibernate.Version                    : HHH000412: Hibernate ORM core version 6.5.3.Final
2024-10-10T23:45:45.795+11:00  INFO 18566 --- [scroll-system] [    Test worker] o.h.c.internal.RegionFactoryInitiator    : HHH000026: Second-level cache disabled
2024-10-10T23:45:45.961+11:00  INFO 18566 --- [scroll-system] [    Test worker] o.s.o.j.p.SpringPersistenceUnitInfo      : No LoadTimeWeaver setup: ignoring JPA class transformer
2024-10-10T23:45:45.979+11:00  INFO 18566 --- [scroll-system] [    Test worker] com.zaxxer.hikari.HikariDataSource       : HikariPool-1 - Starting...
2024-10-10T23:45:46.145+11:00  INFO 18566 --- [scroll-system] [    Test worker] com.zaxxer.hikari.pool.HikariPool        : HikariPool-1 - Added connection conn0: url=jdbc:h2:mem:testdb user=SA
2024-10-10T23:45:46.146+11:00  INFO 18566 --- [scroll-system] [    Test worker] com.zaxxer.hikari.HikariDataSource       : HikariPool-1 - Start completed.
2024-10-10T23:45:46.163+11:00  WARN 18566 --- [scroll-system] [    Test worker] org.hibernate.orm.deprecation            : HHH90000025: H2Dialect does not need to be specified explicitly using 'hibernate.dialect' (remove the property setting and it will be selected by default)
2024-10-10T23:45:46.707+11:00  INFO 18566 --- [scroll-system] [    Test worker] o.h.e.t.j.p.i.JtaPlatformInitiator       : HHH000489: No JTA platform available (set 'hibernate.transaction.jta.platform' to enable JTA platform integration)
Hibernate: 
    drop table if exists file_storage cascade 
Hibernate: 
    drop table if exists users cascade 
Hibernate: 
    create table file_storage (
        file_id integer generated by default as identity,
        owner_id integer not null,
        file_size bigint not null,
        upload_date timestamp(6) not null,
        file_path varchar(255) not null,
        file_type varchar(255),
        primary key (file_id)
    )
Hibernate: 
    create table users (
        id integer generated by default as identity,
        email varchar(255),
        first_name varchar(255),
        last_name varchar(255),
        password varchar(255),
        phone varchar(255),
        role varchar(255),
        salt varchar(255),
        username varchar(255),
        primary key (id)
    )
Hibernate: 
    alter table if exists file_storage 
       add constraint FKr42h6kd01jyxougnj7qkruwkh 
       foreign key (owner_id) 
       references users
2024-10-10T23:45:46.738+11:00  INFO 18566 --- [scroll-system] [    Test worker] j.LocalContainerEntityManagerFactoryBean : Initialized JPA EntityManagerFactory for persistence unit 'default'
2024-10-10T23:45:46.875+11:00  INFO 18566 --- [scroll-system] [    Test worker] o.s.d.j.r.query.QueryEnhancerFactory     : Hibernate is in classpath; If applicable, HQL parser will be used.
2024-10-10T23:45:47.301+11:00  INFO 18566 --- [scroll-system] [    Test worker] eAuthenticationProviderManagerConfigurer : Global AuthenticationManager configured with AuthenticationProvider bean with name authenticationProvider
2024-10-10T23:45:47.301+11:00  WARN 18566 --- [scroll-system] [    Test worker] r$InitializeUserDetailsManagerConfigurer : Global AuthenticationManager configured with an AuthenticationProvider bean. UserDetailsService beans will not be used for username/password login. Consider removing the AuthenticationProvider bean. Alternatively, consider using the UserDetailsService in a manually instantiated DaoAuthenticationProvider.
2024-10-10T23:45:47.315+11:00  WARN 18566 --- [scroll-system] [    Test worker] JpaBaseConfiguration$JpaWebConfiguration : spring.jpa.open-in-view is enabled by default. Therefore, database queries may be performed during view rendering. Explicitly configure spring.jpa.open-in-view to disable this warning
2024-10-10T23:45:47.676+11:00  INFO 18566 --- [scroll-system] [    Test worker] o.s.b.t.m.w.SpringBootMockServletContext : Initializing Spring TestDispatcherServlet ''
2024-10-10T23:45:47.677+11:00  INFO 18566 --- [scroll-system] [    Test worker] o.s.t.web.servlet.TestDispatcherServlet  : Initializing Servlet ''
2024-10-10T23:45:47.677+11:00  INFO 18566 --- [scroll-system] [    Test worker] o.s.t.web.servlet.TestDispatcherServlet  : Completed initialization in 0 ms
2024-10-10T23:45:47.691+11:00  INFO 18566 --- [scroll-system] [    Test worker] o.s.config.ApplicationConfigTest         : Started ApplicationConfigTest in 2.767 seconds (process running for 3.47)
Hibernate: 
    select
        u1_0.id,
        u1_0.email,
        u1_0.first_name,
        u1_0.last_name,
        u1_0.password,
        u1_0.phone,
        u1_0.role,
        u1_0.salt,
        u1_0.username 
    from
        users u1_0 
    where
        u1_0.email=?
Hibernate: 
    insert 
    into
        users
        (email, first_name, last_name, password, phone, role, salt, username, id) 
    values
        (?, ?, ?, ?, ?, ?, ?, ?, default)
]]></system-out>
  <system-err><![CDATA[]]></system-err>
</testsuite>
