<?xml version="1.0" encoding="UTF-8"?>
<testsuite name="org.scrollSystem.models.UserTest" tests="5" skipped="0" failures="0" errors="0" timestamp="2024-10-10T12:45:49" hostname="Hais-MacBook-Pro.local" time="0.003">
  <properties/>
  <testcase name="testGettersAndSetters()" classname="org.scrollSystem.models.UserTest" time="0.001"/>
  <testcase name="testUserDetailsImplementation()" classname="org.scrollSystem.models.UserTest" time="0.001"/>
  <testcase name="testUserBuilder()" classname="org.scrollSystem.models.UserTest" time="0.0"/>
  <testcase name="testUserDetailsFields()" classname="org.scrollSystem.models.UserTest" time="0.0"/>
  <testcase name="testEqualsAndHashCode()" classname="org.scrollSystem.models.UserTest" time="0.0"/>
  <system-out><![CDATA[]]></system-out>
  <system-err><![CDATA[]]></system-err>
</testsuite>
