<?xml version="1.0" encoding="UTF-8"?>
<testsuite name="org.scrollSystem.controller.UserControllerTest" tests="2" skipped="0" failures="0" errors="0" timestamp="2024-10-10T12:45:49" hostname="Hais-MacBook-Pro.local" time="0.177">
  <properties/>
  <testcase name="testGetUsersSuccess()" classname="org.scrollSystem.controller.UserControllerTest" time="0.15"/>
  <testcase name="deleteSuccessfully()" classname="org.scrollSystem.controller.UserControllerTest" time="0.026"/>
  <system-out><![CDATA[2024-10-10T23:45:49.707+11:00  INFO 18566 --- [scroll-system] [    Test worker] t.c.s.AnnotationConfigContextLoaderUtils : Could not detect default configuration classes for test class [org.scrollSystem.controller.UserControllerTest]: UserControllerTest does not declare any static, non-private, non-final, nested classes annotated with @Configuration.
2024-10-10T23:45:49.709+11:00  INFO 18566 --- [scroll-system] [    Test worker] .b.t.c.SpringBootTestContextBootstrapper : Found @SpringBootConfiguration org.scrollSystem.App for test class org.scrollSystem.controller.UserControllerTest
2024-10-10T23:45:49.718+11:00  INFO 18566 --- [scroll-system] [    Test worker] o.s.b.t.m.w.SpringBootMockServletContext : Initializing Spring TestDispatcherServlet ''
2024-10-10T23:45:49.718+11:00  INFO 18566 --- [scroll-system] [    Test worker] o.s.t.web.servlet.TestDispatcherServlet  : Initializing Servlet ''
2024-10-10T23:45:49.718+11:00  INFO 18566 --- [scroll-system] [    Test worker] o.s.t.web.servlet.TestDispatcherServlet  : Completed initialization in 0 ms
Hibernate: 
    select
        u1_0.id,
        u1_0.email,
        u1_0.first_name,
        u1_0.last_name,
        u1_0.password,
        u1_0.phone,
        u1_0.role,
        u1_0.salt,
        u1_0.username 
    from
        users u1_0 
    where
        u1_0.id=?
Hibernate: 
    select
        u1_0.id,
        u1_0.email,
        u1_0.first_name,
        u1_0.last_name,
        u1_0.password,
        u1_0.phone,
        u1_0.role,
        u1_0.salt,
        u1_0.username 
    from
        users u1_0 
    where
        u1_0.id=?
Hibernate: 
    select
        u1_0.id,
        u1_0.email,
        u1_0.first_name,
        u1_0.last_name,
        u1_0.password,
        u1_0.phone,
        u1_0.role,
        u1_0.salt,
        u1_0.username 
    from
        users u1_0 
    where
        u1_0.id=?
Hibernate: 
    insert 
    into
        users
        (email, first_name, last_name, password, phone, role, salt, username, id) 
    values
        (?, ?, ?, ?, ?, ?, ?, ?, default)
Hibernate: 
    select
        u1_0.id,
        u1_0.email,
        u1_0.first_name,
        u1_0.last_name,
        u1_0.password,
        u1_0.phone,
        u1_0.role,
        u1_0.salt,
        u1_0.username 
    from
        users u1_0 
    where
        u1_0.id=?
Hibernate: 
    insert 
    into
        users
        (email, first_name, last_name, password, phone, role, salt, username, id) 
    values
        (?, ?, ?, ?, ?, ?, ?, ?, default)
Hibernate: 
    select
        u1_0.id,
        u1_0.email,
        u1_0.first_name,
        u1_0.last_name,
        u1_0.password,
        u1_0.phone,
        u1_0.role,
        u1_0.salt,
        u1_0.username 
    from
        users u1_0 
    where
        u1_0.id=?
Hibernate: 
    insert 
    into
        users
        (email, first_name, last_name, password, phone, role, salt, username, id) 
    values
        (?, ?, ?, ?, ?, ?, ?, ?, default)
Hibernate: 
    update
        users 
    set
        email=?,
        first_name=?,
        last_name=?,
        password=?,
        phone=?,
        role=?,
        salt=?,
        username=? 
    where
        id=?
Hibernate: 
    update
        users 
    set
        email=?,
        first_name=?,
        last_name=?,
        password=?,
        phone=?,
        role=?,
        salt=?,
        username=? 
    where
        id=?
Hibernate: 
    select
        u1_0.id,
        u1_0.email,
        u1_0.first_name,
        u1_0.last_name,
        u1_0.password,
        u1_0.phone,
        u1_0.role,
        u1_0.salt,
        u1_0.username 
    from
        users u1_0 
    where
        (
            ? is null 
            or u1_0.email like ('%'||?||'%') escape ''
        ) 
        and (
            ? is null 
            or u1_0.username like ('%'||?||'%') escape ''
        )
2024-10-10T23:45:49.863+11:00  INFO 18566 --- [scroll-system] [    Test worker] o.s.b.t.m.w.SpringBootMockServletContext : Initializing Spring TestDispatcherServlet ''
2024-10-10T23:45:49.863+11:00  INFO 18566 --- [scroll-system] [    Test worker] o.s.t.web.servlet.TestDispatcherServlet  : Initializing Servlet ''
2024-10-10T23:45:49.864+11:00  INFO 18566 --- [scroll-system] [    Test worker] o.s.t.web.servlet.TestDispatcherServlet  : Completed initialization in 1 ms
Hibernate: 
    select
        u1_0.id,
        u1_0.email,
        u1_0.first_name,
        u1_0.last_name,
        u1_0.password,
        u1_0.phone,
        u1_0.role,
        u1_0.salt,
        u1_0.username 
    from
        users u1_0 
    where
        u1_0.id=?
Hibernate: 
    select
        u1_0.id,
        u1_0.email,
        u1_0.first_name,
        u1_0.last_name,
        u1_0.password,
        u1_0.phone,
        u1_0.role,
        u1_0.salt,
        u1_0.username 
    from
        users u1_0 
    where
        u1_0.id=?
Hibernate: 
    select
        u1_0.id,
        u1_0.email,
        u1_0.first_name,
        u1_0.last_name,
        u1_0.password,
        u1_0.phone,
        u1_0.role,
        u1_0.salt,
        u1_0.username 
    from
        users u1_0 
    where
        u1_0.id=?
Hibernate: 
    insert 
    into
        users
        (email, first_name, last_name, password, phone, role, salt, username, id) 
    values
        (?, ?, ?, ?, ?, ?, ?, ?, default)
Hibernate: 
    select
        u1_0.id,
        u1_0.email,
        u1_0.first_name,
        u1_0.last_name,
        u1_0.password,
        u1_0.phone,
        u1_0.role,
        u1_0.salt,
        u1_0.username 
    from
        users u1_0 
    where
        u1_0.id=?
Hibernate: 
    insert 
    into
        users
        (email, first_name, last_name, password, phone, role, salt, username, id) 
    values
        (?, ?, ?, ?, ?, ?, ?, ?, default)
Hibernate: 
    select
        u1_0.id,
        u1_0.email,
        u1_0.first_name,
        u1_0.last_name,
        u1_0.password,
        u1_0.phone,
        u1_0.role,
        u1_0.salt,
        u1_0.username 
    from
        users u1_0 
    where
        u1_0.id=?
Hibernate: 
    insert 
    into
        users
        (email, first_name, last_name, password, phone, role, salt, username, id) 
    values
        (?, ?, ?, ?, ?, ?, ?, ?, default)
Hibernate: 
    update
        users 
    set
        email=?,
        first_name=?,
        last_name=?,
        password=?,
        phone=?,
        role=?,
        salt=?,
        username=? 
    where
        id=?
Hibernate: 
    update
        users 
    set
        email=?,
        first_name=?,
        last_name=?,
        password=?,
        phone=?,
        role=?,
        salt=?,
        username=? 
    where
        id=?
Hibernate: 
    select
        u1_0.id,
        u1_0.email,
        u1_0.first_name,
        u1_0.last_name,
        u1_0.password,
        u1_0.phone,
        u1_0.role,
        u1_0.salt,
        u1_0.username 
    from
        users u1_0 
    where
        u1_0.username=?
]]></system-out>
  <system-err><![CDATA[]]></system-err>
</testsuite>
